<?xml version="1.0" encoding="UTF-8"?>
<testng-results skipped="0" failed="0" ignored="0" total="1" passed="1">
  <reporter-output>
  </reporter-output>
  <suite name="Default suite" duration-ms="257336" started-at="2019-02-01T04:34:34Z" finished-at="2019-02-01T04:38:52Z">
    <groups>
    </groups>
    <test name="Default test" duration-ms="257336" started-at="2019-02-01T04:34:34Z" finished-at="2019-02-01T04:38:52Z">
      <class name="com.ebay.testcases.TC_002VerifySellingAproduct">
        <test-method status="PASS" signature="setup()[pri:0, instance:com.ebay.testcases.TC_002VerifySellingAproduct@527740a2]" name="setup" is-config="true" duration-ms="5291" started-at="2019-02-01T04:34:29Z" finished-at="2019-02-01T04:34:34Z">
          <reporter-output>
          </reporter-output>
        </test-method> <!-- setup -->
        <test-method status="PASS" signature="startApp()[pri:0, instance:com.ebay.testcases.TC_002VerifySellingAproduct@527740a2]" name="startApp" is-config="true" duration-ms="22125" started-at="2019-02-01T04:34:34Z" finished-at="2019-02-01T04:34:56Z">
          <reporter-output>
          </reporter-output>
        </test-method> <!-- startApp -->
        <test-method status="PASS" signature="SignIn()[pri:0, instance:com.ebay.testcases.TC_002VerifySellingAproduct@527740a2]" name="SignIn" is-config="true" duration-ms="52929" started-at="2019-02-01T04:34:57Z" finished-at="2019-02-01T04:35:49Z">
          <reporter-output>
          </reporter-output>
        </test-method> <!-- SignIn -->
        <test-method status="PASS" signature="nameBefore(java.lang.reflect.Method)[pri:0, instance:com.ebay.testcases.TC_002VerifySellingAproduct@527740a2]" name="nameBefore" is-config="true" duration-ms="17" started-at="2019-02-01T04:35:49Z" finished-at="2019-02-01T04:35:50Z">
          <params>
            <param index="0">
              <value>
                <![CDATA[public void com.ebay.testcases.TC_002VerifySellingAproduct.verifySellingItems(java.lang.String,java.lang.String,java.lang.String,java.lang.String) throws java.lang.InterruptedException]]>
              </value>
            </param>
          </params>
          <reporter-output>
          </reporter-output>
        </test-method> <!-- nameBefore -->
        <test-method status="PASS" signature="verifySellingItems(java.lang.String, java.lang.String, java.lang.String, java.lang.String)[pri:1, instance:com.ebay.testcases.TC_002VerifySellingAproduct@527740a2]" name="verifySellingItems" duration-ms="181403" started-at="2019-02-01T04:35:50Z" data-provider="SellingProductdata" finished-at="2019-02-01T04:38:51Z">
          <params>
            <param index="0">
              <value>
                <![CDATA[speaker]]>
              </value>
            </param>
            <param index="1">
              <value>
                <![CDATA[India]]>
              </value>
            </param>
            <param index="2">
              <value>
                <![CDATA[This is test entry]]>
              </value>
            </param>
            <param index="3">
              <value>
                <![CDATA[1000]]>
              </value>
            </param>
          </params>
          <reporter-output>
          </reporter-output>
        </test-method> <!-- verifySellingItems -->
        <test-method status="PASS" signature="getResult(org.testng.ITestResult)[pri:0, instance:com.ebay.testcases.TC_002VerifySellingAproduct@527740a2]" name="getResult" is-config="true" duration-ms="4" started-at="2019-02-01T04:38:51Z" finished-at="2019-02-01T04:38:51Z">
          <params>
            <param index="0">
              <value>
                <![CDATA[[TestResult name=verifySellingItems status=SUCCESS method=TC_002VerifySellingAproduct.verifySellingItems(java.lang.String, java.lang.String, java.lang.String, java.lang.String)[pri:1, instance:com.ebay.testcases.TC_002VerifySellingAproduct@527740a2] output={null}]]]>
              </value>
            </param>
          </params>
          <reporter-output>
          </reporter-output>
        </test-method> <!-- getResult -->
        <test-method status="PASS" signature="appClose()[pri:0, instance:com.ebay.testcases.TC_002VerifySellingAproduct@527740a2]" name="appClose" is-config="true" duration-ms="785" started-at="2019-02-01T04:38:51Z" finished-at="2019-02-01T04:38:52Z">
          <reporter-output>
          </reporter-output>
        </test-method> <!-- appClose -->
        <test-method status="PASS" signature="closeExtentReport()[pri:0, instance:com.ebay.testcases.TC_002VerifySellingAproduct@527740a2]" name="closeExtentReport" is-config="true" duration-ms="510" started-at="2019-02-01T04:38:57Z" finished-at="2019-02-01T04:38:57Z">
          <reporter-output>
          </reporter-output>
        </test-method> <!-- closeExtentReport -->
      </class> <!-- com.ebay.testcases.TC_002VerifySellingAproduct -->
    </test> <!-- Default test -->
  </suite> <!-- Default suite -->
</testng-results>
