<?xml version="1.0" encoding="UTF-8"?>
<testng-results skipped="0" failed="0" ignored="0" total="1" passed="1">
  <reporter-output>
  </reporter-output>
  <suite name="Default suite" duration-ms="251364" started-at="2019-02-04T12:43:20Z" finished-at="2019-02-04T12:47:31Z">
    <groups>
    </groups>
    <test name="Default test" duration-ms="251364" started-at="2019-02-04T12:43:20Z" finished-at="2019-02-04T12:47:31Z">
      <class name="com.ebay.testcases.TC_002VerifySellingAproduct">
        <test-method status="PASS" signature="setup()[pri:0, instance:com.ebay.testcases.TC_002VerifySellingAproduct@2d6eabae]" name="setup" is-config="true" duration-ms="5258" started-at="2019-02-04T12:43:14Z" finished-at="2019-02-04T12:43:20Z">
          <reporter-output>
          </reporter-output>
        </test-method> <!-- setup -->
        <test-method status="PASS" signature="startApp()[pri:0, instance:com.ebay.testcases.TC_002VerifySellingAproduct@2d6eabae]" name="startApp" is-config="true" duration-ms="22008" started-at="2019-02-04T12:43:20Z" finished-at="2019-02-04T12:43:42Z">
          <reporter-output>
          </reporter-output>
        </test-method> <!-- startApp -->
        <test-method status="PASS" signature="SignIn()[pri:0, instance:com.ebay.testcases.TC_002VerifySellingAproduct@2d6eabae]" name="SignIn" is-config="true" duration-ms="41798" started-at="2019-02-04T12:43:42Z" finished-at="2019-02-04T12:44:24Z">
          <reporter-output>
          </reporter-output>
        </test-method> <!-- SignIn -->
        <test-method status="PASS" signature="nameBefore(java.lang.reflect.Method)[pri:0, instance:com.ebay.testcases.TC_002VerifySellingAproduct@2d6eabae]" name="nameBefore" is-config="true" duration-ms="6" started-at="2019-02-04T12:44:24Z" finished-at="2019-02-04T12:44:24Z">
          <params>
            <param index="0">
              <value>
                <![CDATA[public void com.ebay.testcases.TC_002VerifySellingAproduct.verifySellingItems(java.lang.String,java.lang.String,java.lang.String,java.lang.String) throws java.lang.InterruptedException]]>
              </value>
            </param>
          </params>
          <reporter-output>
          </reporter-output>
        </test-method> <!-- nameBefore -->
        <test-method status="PASS" signature="verifySellingItems(java.lang.String, java.lang.String, java.lang.String, java.lang.String)[pri:1, instance:com.ebay.testcases.TC_002VerifySellingAproduct@2d6eabae]" name="verifySellingItems" duration-ms="186899" started-at="2019-02-04T12:44:24Z" data-provider="SellingProductdata" finished-at="2019-02-04T12:47:31Z">
          <params>
            <param index="0">
              <value>
                <![CDATA[speaker]]>
              </value>
            </param>
            <param index="1">
              <value>
                <![CDATA[India]]>
              </value>
            </param>
            <param index="2">
              <value>
                <![CDATA[This is test entry]]>
              </value>
            </param>
            <param index="3">
              <value>
                <![CDATA[1000]]>
              </value>
            </param>
          </params>
          <reporter-output>
          </reporter-output>
        </test-method> <!-- verifySellingItems -->
        <test-method status="PASS" signature="getResult(org.testng.ITestResult)[pri:0, instance:com.ebay.testcases.TC_002VerifySellingAproduct@2d6eabae]" name="getResult" is-config="true" duration-ms="4" started-at="2019-02-04T12:47:31Z" finished-at="2019-02-04T12:47:31Z">
          <params>
            <param index="0">
              <value>
                <![CDATA[[TestResult name=verifySellingItems status=SUCCESS method=TC_002VerifySellingAproduct.verifySellingItems(java.lang.String, java.lang.String, java.lang.String, java.lang.String)[pri:1, instance:com.ebay.testcases.TC_002VerifySellingAproduct@2d6eabae] output={null}]]]>
              </value>
            </param>
          </params>
          <reporter-output>
          </reporter-output>
        </test-method> <!-- getResult -->
        <test-method status="PASS" signature="appClose()[pri:0, instance:com.ebay.testcases.TC_002VerifySellingAproduct@2d6eabae]" name="appClose" is-config="true" duration-ms="554" started-at="2019-02-04T12:47:31Z" finished-at="2019-02-04T12:47:31Z">
          <reporter-output>
          </reporter-output>
        </test-method> <!-- appClose -->
        <test-method status="PASS" signature="closeExtentReport()[pri:0, instance:com.ebay.testcases.TC_002VerifySellingAproduct@2d6eabae]" name="closeExtentReport" is-config="true" duration-ms="504" started-at="2019-02-04T12:47:36Z" finished-at="2019-02-04T12:47:37Z">
          <reporter-output>
          </reporter-output>
        </test-method> <!-- closeExtentReport -->
      </class> <!-- com.ebay.testcases.TC_002VerifySellingAproduct -->
    </test> <!-- Default test -->
  </suite> <!-- Default suite -->
</testng-results>
