<?xml version="1.0" encoding="UTF-8"?>
<!-- Generated by org.testng.reporters.JUnitXMLReporter -->
<testsuite hostname="Puneets-MacBook-Pro.local" ignored="0" name="Test1" tests="2" failures="1" timestamp="31 Jan 2019 16:25:11 GMT" time="123.043" errors="0">
  <testcase name="searchForitems" time="24.246" classname="com.ebay.testcases.TC_001VerifyIfSerachHasResults"/>
  <testcase name="searchForitems" time="18.915" classname="com.ebay.testcases.TC_001VerifyIfSerachHasResults">
    <failure type="java.lang.AssertionError" message="No products is found forabcd">
      <![CDATA[java.lang.AssertionError: No products is found forabcd
at com.ebay.testcases.TC_001VerifyIfSerachHasResults.searchForitems(TC_001VerifyIfSerachHasResults.java:37)
... Removed 27 stack frames]]>
    </failure>
  </testcase> <!-- searchForitems -->
</testsuite> <!-- Test1 -->
