<?xml version="1.0" encoding="UTF-8"?>
<!-- Generated by org.testng.reporters.JUnitXMLReporter -->
<testsuite hostname="Puneets-MacBook-Pro.local" ignored="0" name="Test1" tests="2" failures="0" timestamp="02 Feb 2019 11:15:04 GMT" time="112.775" errors="0">
  <testcase name="searchForitems" time="34.32" classname="com.ebay.testcases.TC_001VerifyIfSerachHasResults"/>
  <testcase name="searchForitems" time="20.308" classname="com.ebay.testcases.TC_001VerifyIfSerachHasResults"/>
</testsuite> <!-- Test1 -->
